# JRE version: Java(TM) SE Runtime Environment (8.0_66-b18) (build 1.8.0_66-b18)
# Java VM: Java HotSpot(TM) 64-Bit Server VM (25.66-b18 mixed mode windows-amd64 compressed oops)
Heap:
 PSYoungGen      total 28672K, used 480K [0x00000000ef000000, 0x00000000f0e00000, 0x0000000100000000)
  eden space 26624K, 0% used [0x00000000ef000000,0x00000000ef000018,0x00000000f0a00000)
  from space 2048K, 23% used [0x00000000f0a00000,0x00000000f0a78000,0x00000000f0c00000)
  to   space 2048K, 0% used [0x00000000f0c00000,0x00000000f0c00000,0x00000000f0e00000)
 ParOldGen       total 35840K, used 16K [0x00000000cd000000, 0x00000000cf300000, 0x00000000ef000000)
  object space 35840K, 0% used [0x00000000cd000000,0x00000000cd004000,0x00000000cf300000)
 Metaspace       used 3447K, capacity 4560K, committed 4864K, reserved 1056768K
  class space    used 382K, capacity 388K, committed 512K, reserved 1048576K
GC Heap History (9 events):
Event: 0.429 GC heap before
{Heap before GC invocations=1 (full 0):
 PSYoungGen      total 15360K, used 13312K [0x00000000ef000000, 0x00000000f0100000, 0x0000000100000000)
  eden space 13312K, 100% used [0x00000000ef000000,0x00000000efd00000,0x00000000efd00000)
  from space 2048K, 0% used [0x00000000eff00000,0x00000000eff00000,0x00000000f0100000)
  to   space 2048K, 0% used [0x00000000efd00000,0x00000000efd00000,0x00000000eff00000)
 ParOldGen       total 35840K, used 0K [0x00000000cd000000, 0x00000000cf300000, 0x00000000ef000000)
  object space 35840K, 0% used [0x00000000cd000000,0x00000000cd000000,0x00000000cf300000)
 Metaspace       used 3403K, capacity 4560K, committed 4864K, reserved 1056768K
  class space    used 378K, capacity 388K, committed 512K, reserved 1048576K
Event: 0.615 GC heap after
Heap after GC invocations=1 (full 0):
 PSYoungGen      total 15360K, used 496K [0x00000000ef000000, 0x00000000f0e00000, 0x0000000100000000)
  eden space 13312K, 0% used [0x00000000ef000000,0x00000000ef000000,0x00000000efd00000)
  from space 2048K, 24% used [0x00000000efd00000,0x00000000efd7c010,0x00000000eff00000)
  to   space 2048K, 0% used [0x00000000f0c00000,0x00000000f0c00000,0x00000000f0e00000)
 ParOldGen       total 35840K, used 0K [0x00000000cd000000, 0x00000000cf300000, 0x00000000ef000000)
  object space 35840K, 0% used [0x00000000cd000000,0x00000000cd000000,0x00000000cf300000)
 Metaspace       used 3403K, capacity 4560K, committed 4864K, reserved 1056768K
  class space    used 378K, capacity 388K, committed 512K, reserved 1048576K
}
Event: 0.678 GC heap before
{Heap before GC invocations=2 (full 0):
 PSYoungGen      total 15360K, used 13808K [0x00000000ef000000, 0x00000000f0e00000, 0x0000000100000000)
  eden space 13312K, 100% used [0x00000000ef000000,0x00000000efd00000,0x00000000efd00000)
  from space 2048K, 24% used [0x00000000efd00000,0x00000000efd7c010,0x00000000eff00000)
  to   space 2048K, 0% used [0x00000000f0c00000,0x00000000f0c00000,0x00000000f0e00000)
 ParOldGen       total 35840K, used 0K [0x00000000cd000000, 0x00000000cf300000, 0x00000000ef000000)
  object space 35840K, 0% used [0x00000000cd000000,0x00000000cd000000,0x00000000cf300000)
 Metaspace       used 3436K, capacity 4560K, committed 4864K, reserved 1056768K
  class space    used 382K, capacity 388K, committed 512K, reserved 1048576K
Event: 0.723 GC heap after
Heap after GC invocations=2 (full 0):
 PSYoungGen      total 28672K, used 544K [0x00000000ef000000, 0x00000000f0e00000, 0x0000000100000000)
  eden space 26624K, 0% used [0x00000000ef000000,0x00000000ef000000,0x00000000f0a00000)
  from space 2048K, 26% used [0x00000000f0c00000,0x00000000f0c88000,0x00000000f0e00000)
  to   space 2048K, 0% used [0x00000000f0a00000,0x00000000f0a00000,0x00000000f0c00000)
 ParOldGen       total 35840K, used 8K [0x00000000cd000000, 0x00000000cf300000, 0x00000000ef000000)
  object space 35840K, 0% used [0x00000000cd000000,0x00000000cd002000,0x00000000cf300000)
 Metaspace       used 3436K, capacity 4560K, committed 4864K, reserved 1056768K
  class space    used 382K, capacity 388K, committed 512K, reserved 1048576K
}
Event: 1.377 GC heap before
{Heap before GC invocations=3 (full 0):
 PSYoungGen      total 28672K, used 27168K [0x00000000ef000000, 0x00000000f0e00000, 0x0000000100000000)
  eden space 26624K, 100% used [0x00000000ef000000,0x00000000f0a00000,0x00000000f0a00000)
  from space 2048K, 26% used [0x00000000f0c00000,0x00000000f0c88000,0x00000000f0e00000)
  to   space 2048K, 0% used [0x00000000f0a00000,0x00000000f0a00000,0x00000000f0c00000)
 ParOldGen       total 35840K, used 8K [0x00000000cd000000, 0x00000000cf300000, 0x00000000ef000000)
  object space 35840K, 0% used [0x00000000cd000000,0x00000000cd002000,0x00000000cf300000)
 Metaspace       used 3446K, capacity 4560K, committed 4864K, reserved 1056768K
  class space    used 382K, capacity 388K, committed 512K, reserved 1048576K
Event: 1.389 GC heap after
Heap after GC invocations=3 (full 0):
 PSYoungGen      total 28672K, used 480K [0x00000000ef000000, 0x00000000f0e00000, 0x0000000100000000)
  eden space 26624K, 0% used [0x00000000ef000000,0x00000000ef000000,0x00000000f0a00000)
  from space 2048K, 23% used [0x00000000f0a00000,0x00000000f0a78020,0x00000000f0c00000)
  to   space 2048K, 0% used [0x00000000f0c00000,0x00000000f0c00000,0x00000000f0e00000)
 ParOldGen       total 35840K, used 16K [0x00000000cd000000, 0x00000000cf300000, 0x00000000ef000000)
  object space 35840K, 0% used [0x00000000cd000000,0x00000000cd004000,0x00000000cf300000)
 Metaspace       used 3446K, capacity 4560K, committed 4864K, reserved 1056768K
  class space    used 382K, capacity 388K, committed 512K, reserved 1048576K
}
Event: 1.449 GC heap before
{Heap before GC invocations=4 (full 0):
 PSYoungGen      total 28672K, used 27104K [0x00000000ef000000, 0x00000000f0e00000, 0x0000000100000000)
  eden space 26624K, 100% used [0x00000000ef000000,0x00000000f0a00000,0x00000000f0a00000)
  from space 2048K, 23% used [0x00000000f0a00000,0x00000000f0a78020,0x00000000f0c00000)
  to   space 2048K, 0% used [0x00000000f0c00000,0x00000000f0c00000,0x00000000f0e00000)
 ParOldGen       total 35840K, used 16K [0x00000000cd000000, 0x00000000cf300000, 0x00000000ef000000)
  object space 35840K, 0% used [0x00000000cd000000,0x00000000cd004000,0x00000000cf300000)
 Metaspace       used 3446K, capacity 4560K, committed 4864K, reserved 1056768K
  class space    used 382K, capacity 388K, committed 512K, reserved 1048576K
Event: 1.569 GC heap after
Heap after GC invocations=4 (full 0):
 PSYoungGen      total 28672K, used 512K [0x00000000ef000000, 0x00000000f0e00000, 0x0000000100000000)
  eden space 26624K, 0% used [0x00000000ef000000,0x00000000ef000000,0x00000000f0a00000)
  from space 2048K, 25% used [0x00000000f0c00000,0x00000000f0c80000,0x00000000f0e00000)
  to   space 2048K, 0% used [0x00000000f0a00000,0x00000000f0a00000,0x00000000f0c00000)
 ParOldGen       total 35840K, used 16K [0x00000000cd000000, 0x00000000cf300000, 0x00000000ef000000)
  object space 35840K, 0% used [0x00000000cd000000,0x00000000cd004000,0x00000000cf300000)
 Metaspace       used 3446K, capacity 4560K, committed 4864K, reserved 1056768K
  class space    used 382K, capacity 388K, committed 512K, reserved 1048576K
}
Event: 1.617 GC heap before
{Heap before GC invocations=5 (full 0):
 PSYoungGen      total 28672K, used 27136K [0x00000000ef000000, 0x00000000f0e00000, 0x0000000100000000)
  eden space 26624K, 100% used [0x00000000ef000000,0x00000000f0a00000,0x00000000f0a00000)
  from space 2048K, 25% used [0x00000000f0c00000,0x00000000f0c80000,0x00000000f0e00000)
  to   space 2048K, 0% used [0x00000000f0a00000,0x00000000f0a00000,0x00000000f0c00000)
 ParOldGen       total 35840K, used 16K [0x00000000cd000000, 0x00000000cf300000, 0x00000000ef000000)
  object space 35840K, 0% used [0x00000000cd000000,0x00000000cd004000,0x00000000cf300000)
 Metaspace       used 3447K, capacity 4560K, committed 4864K, reserved 1056768K
  class space    used 382K, capacity 388K, committed 512K, reserved 1048576K

