# JRE version: Java(TM) SE Runtime Environment (8.0_66-b18) (build 1.8.0_66-b18)
# Java VM: Java HotSpot(TM) 64-Bit Server VM (25.66-b18 mixed mode windows-amd64 compressed oops)
Heap:
 PSYoungGen      total 214016K, used 25572K [0x00000000ef000000, 0x00000000fc200000, 0x0000000100000000)
  eden space 212992K, 11% used [0x00000000ef000000,0x00000000f08e9278,0x00000000fc000000)
  from space 1024K, 6% used [0x00000000fc100000,0x00000000fc110000,0x00000000fc200000)
  to   space 1024K, 0% used [0x00000000fc000000,0x00000000fc000000,0x00000000fc100000)
 ParOldGen       total 35840K, used 500K [0x00000000cd000000, 0x00000000cf300000, 0x00000000ef000000)
  object space 35840K, 1% used [0x00000000cd000000,0x00000000cd07d060,0x00000000cf300000)
 Metaspace       used 3710K, capacity 4600K, committed 4864K, reserved 1056768K
  class space    used 410K, capacity 428K, committed 512K, reserved 1048576K
GC Heap History (10 events):
Event: 0.546 GC heap before
{Heap before GC invocations=4 (full 0):
 PSYoungGen      total 28672K, used 27088K [0x00000000ef000000, 0x00000000f2800000, 0x0000000100000000)
  eden space 26624K, 100% used [0x00000000ef000000,0x00000000f0a00000,0x00000000f0a00000)
  from space 2048K, 22% used [0x00000000f0a00000,0x00000000f0a74010,0x00000000f0c00000)
  to   space 2048K, 0% used [0x00000000f2600000,0x00000000f2600000,0x00000000f2800000)
 ParOldGen       total 35840K, used 24K [0x00000000cd000000, 0x00000000cf300000, 0x00000000ef000000)
  object space 35840K, 0% used [0x00000000cd000000,0x00000000cd006000,0x00000000cf300000)
 Metaspace       used 3449K, capacity 4560K, committed 4864K, reserved 1056768K
  class space    used 382K, capacity 388K, committed 512K, reserved 1048576K
Event: 0.565 GC heap after
Heap after GC invocations=4 (full 0):
 PSYoungGen      total 55296K, used 496K [0x00000000ef000000, 0x00000000f2800000, 0x0000000100000000)
  eden space 53248K, 0% used [0x00000000ef000000,0x00000000ef000000,0x00000000f2400000)
  from space 2048K, 24% used [0x00000000f2600000,0x00000000f267c010,0x00000000f2800000)
  to   space 2048K, 0% used [0x00000000f2400000,0x00000000f2400000,0x00000000f2600000)
 ParOldGen       total 35840K, used 32K [0x00000000cd000000, 0x00000000cf300000, 0x00000000ef000000)
  object space 35840K, 0% used [0x00000000cd000000,0x00000000cd008000,0x00000000cf300000)
 Metaspace       used 3449K, capacity 4560K, committed 4864K, reserved 1056768K
  class space    used 382K, capacity 388K, committed 512K, reserved 1048576K
}
Event: 0.757 GC heap before
{Heap before GC invocations=5 (full 0):
 PSYoungGen      total 55296K, used 53744K [0x00000000ef000000, 0x00000000f2800000, 0x0000000100000000)
  eden space 53248K, 100% used [0x00000000ef000000,0x00000000f2400000,0x00000000f2400000)
  from space 2048K, 24% used [0x00000000f2600000,0x00000000f267c010,0x00000000f2800000)
  to   space 2048K, 0% used [0x00000000f2400000,0x00000000f2400000,0x00000000f2600000)
 ParOldGen       total 35840K, used 32K [0x00000000cd000000, 0x00000000cf300000, 0x00000000ef000000)
  object space 35840K, 0% used [0x00000000cd000000,0x00000000cd008000,0x00000000cf300000)
 Metaspace       used 3451K, capacity 4560K, committed 4864K, reserved 1056768K
  class space    used 382K, capacity 388K, committed 512K, reserved 1048576K
Event: 0.760 GC heap after
Heap after GC invocations=5 (full 0):
 PSYoungGen      total 55296K, used 496K [0x00000000ef000000, 0x00000000f5a00000, 0x0000000100000000)
  eden space 53248K, 0% used [0x00000000ef000000,0x00000000ef000000,0x00000000f2400000)
  from space 2048K, 24% used [0x00000000f2400000,0x00000000f247c010,0x00000000f2600000)
  to   space 1024K, 0% used [0x00000000f5900000,0x00000000f5900000,0x00000000f5a00000)
 ParOldGen       total 35840K, used 40K [0x00000000cd000000, 0x00000000cf300000, 0x00000000ef000000)
  object space 35840K, 0% used [0x00000000cd000000,0x00000000cd00a000,0x00000000cf300000)
 Metaspace       used 3451K, capacity 4560K, committed 4864K, reserved 1056768K
  class space    used 382K, capacity 388K, committed 512K, reserved 1048576K
}
Event: 0.913 GC heap before
{Heap before GC invocations=6 (full 0):
 PSYoungGen      total 55296K, used 53744K [0x00000000ef000000, 0x00000000f5a00000, 0x0000000100000000)
  eden space 53248K, 100% used [0x00000000ef000000,0x00000000f2400000,0x00000000f2400000)
  from space 2048K, 24% used [0x00000000f2400000,0x00000000f247c010,0x00000000f2600000)
  to   space 1024K, 0% used [0x00000000f5900000,0x00000000f5900000,0x00000000f5a00000)
 ParOldGen       total 35840K, used 40K [0x00000000cd000000, 0x00000000cf300000, 0x00000000ef000000)
  object space 35840K, 0% used [0x00000000cd000000,0x00000000cd00a000,0x00000000cf300000)
 Metaspace       used 3514K, capacity 4560K, committed 4864K, reserved 1056768K
  class space    used 383K, capacity 388K, committed 512K, reserved 1048576K
Event: 0.915 GC heap after
Heap after GC invocations=6 (full 0):
 PSYoungGen      total 107520K, used 512K [0x00000000ef000000, 0x00000000f5a00000, 0x0000000100000000)
  eden space 106496K, 0% used [0x00000000ef000000,0x00000000ef000000,0x00000000f5800000)
  from space 1024K, 50% used [0x00000000f5900000,0x00000000f5980020,0x00000000f5a00000)
  to   space 1024K, 0% used [0x00000000f5800000,0x00000000f5800000,0x00000000f5900000)
 ParOldGen       total 35840K, used 48K [0x00000000cd000000, 0x00000000cf300000, 0x00000000ef000000)
  object space 35840K, 0% used [0x00000000cd000000,0x00000000cd00c000,0x00000000cf300000)
 Metaspace       used 3514K, capacity 4560K, committed 4864K, reserved 1056768K
  class space    used 383K, capacity 388K, committed 512K, reserved 1048576K
}
Event: 1.201 GC heap before
{Heap before GC invocations=7 (full 0):
 PSYoungGen      total 107520K, used 107008K [0x00000000ef000000, 0x00000000f5a00000, 0x0000000100000000)
  eden space 106496K, 100% used [0x00000000ef000000,0x00000000f5800000,0x00000000f5800000)
  from space 1024K, 50% used [0x00000000f5900000,0x00000000f5980020,0x00000000f5a00000)
  to   space 1024K, 0% used [0x00000000f5800000,0x00000000f5800000,0x00000000f5900000)
 ParOldGen       total 35840K, used 48K [0x00000000cd000000, 0x00000000cf300000, 0x00000000ef000000)
  object space 35840K, 0% used [0x00000000cd000000,0x00000000cd00c000,0x00000000cf300000)
 Metaspace       used 3531K, capacity 4560K, committed 4864K, reserved 1056768K
  class space    used 384K, capacity 388K, committed 512K, reserved 1048576K
Event: 1.394 GC heap after
Heap after GC invocations=7 (full 0):
 PSYoungGen      total 107520K, used 64K [0x00000000ef000000, 0x00000000fc200000, 0x0000000100000000)
  eden space 106496K, 0% used [0x00000000ef000000,0x00000000ef000000,0x00000000f5800000)
  from space 1024K, 6% used [0x00000000f5800000,0x00000000f5810000,0x00000000f5900000)
  to   space 1024K, 0% used [0x00000000fc100000,0x00000000fc100000,0x00000000fc200000)
 ParOldGen       total 35840K, used 492K [0x00000000cd000000, 0x00000000cf300000, 0x00000000ef000000)
  object space 35840K, 1% used [0x00000000cd000000,0x00000000cd07b060,0x00000000cf300000)
 Metaspace       used 3531K, capacity 4560K, committed 4864K, reserved 1056768K
  class space    used 384K, capacity 388K, committed 512K, reserved 1048576K
}
Event: 1.590 GC heap before
{Heap before GC invocations=8 (full 0):
 PSYoungGen      total 107520K, used 106560K [0x00000000ef000000, 0x00000000fc200000, 0x0000000100000000)
  eden space 106496K, 100% used [0x00000000ef000000,0x00000000f5800000,0x00000000f5800000)
  from space 1024K, 6% used [0x00000000f5800000,0x00000000f5810000,0x00000000f5900000)
  to   space 1024K, 0% used [0x00000000fc100000,0x00000000fc100000,0x00000000fc200000)
 ParOldGen       total 35840K, used 492K [0x00000000cd000000, 0x00000000cf300000, 0x00000000ef000000)
  object space 35840K, 1% used [0x00000000cd000000,0x00000000cd07b060,0x00000000cf300000)
 Metaspace       used 3531K, capacity 4560K, committed 4864K, reserved 1056768K
  class space    used 384K, capacity 388K, committed 512K, reserved 1048576K
Event: 1.713 GC heap after
Heap after GC invocations=8 (full 0):
 PSYoungGen      total 214016K, used 64K [0x00000000ef000000, 0x00000000fc200000, 0x0000000100000000)
  eden space 212992K, 0% used [0x00000000ef000000,0x00000000ef000000,0x00000000fc000000)
  from space 1024K, 6% used [0x00000000fc100000,0x00000000fc110000,0x00000000fc200000)
  to   space 1024K, 0% used [0x00000000fc000000,0x00000000fc000000,0x00000000fc100000)
 ParOldGen       total 35840K, used 500K [0x00000000cd000000, 0x00000000cf300000, 0x00000000ef000000)
  object space 35840K, 1% used [0x00000000cd000000,0x00000000cd07d060,0x00000000cf300000)
 Metaspace       used 3531K, capacity 4560K, committed 4864K, reserved 1056768K
  class space    used 384K, capacity 388K, committed 512K, reserved 1048576K
}

