# JRE version: Java(TM) SE Runtime Environment (8.0_66-b18) (build 1.8.0_66-b18)
# Java VM: Java HotSpot(TM) 64-Bit Server VM (25.66-b18 mixed mode windows-amd64 compressed oops)
Heap:
 PSYoungGen      total 55296K, used 53792K [0x00000000ef000000, 0x00000000f2800000, 0x0000000100000000)
  eden space 53248K, 100% used [0x00000000ef000000,0x00000000f2400000,0x00000000f2400000)
  from space 2048K, 26% used [0x00000000f2600000,0x00000000f2688000,0x00000000f2800000)
  to   space 2048K, 3% used [0x00000000f2400000,0x00000000f2410000,0x00000000f2600000)
 ParOldGen       total 35840K, used 472K [0x00000000cd000000, 0x00000000cf300000, 0x00000000ef000000)
  object space 35840K, 1% used [0x00000000cd000000,0x00000000cd076050,0x00000000cf300000)
 Metaspace       used 3530K, capacity 4560K, committed 4864K, reserved 1056768K
  class space    used 384K, capacity 388K, committed 512K, reserved 1048576K
GC Heap History (10 events):
Event: 0.482 GC heap after
Heap after GC invocations=2 (full 0):
 PSYoungGen      total 28672K, used 480K [0x00000000ef000000, 0x00000000f0e00000, 0x0000000100000000)
  eden space 26624K, 0% used [0x00000000ef000000,0x00000000ef000000,0x00000000f0a00000)
  from space 2048K, 23% used [0x00000000f0c00000,0x00000000f0c78020,0x00000000f0e00000)
  to   space 2048K, 0% used [0x00000000f0a00000,0x00000000f0a00000,0x00000000f0c00000)
 ParOldGen       total 35840K, used 8K [0x00000000cd000000, 0x00000000cf300000, 0x00000000ef000000)
  object space 35840K, 0% used [0x00000000cd000000,0x00000000cd002000,0x00000000cf300000)
 Metaspace       used 3438K, capacity 4560K, committed 4864K, reserved 1056768K
  class space    used 382K, capacity 388K, committed 512K, reserved 1048576K
}
Event: 0.610 GC heap before
{Heap before GC invocations=3 (full 0):
 PSYoungGen      total 28672K, used 27104K [0x00000000ef000000, 0x00000000f0e00000, 0x0000000100000000)
  eden space 26624K, 100% used [0x00000000ef000000,0x00000000f0a00000,0x00000000f0a00000)
  from space 2048K, 23% used [0x00000000f0c00000,0x00000000f0c78020,0x00000000f0e00000)
  to   space 2048K, 0% used [0x00000000f0a00000,0x00000000f0a00000,0x00000000f0c00000)
 ParOldGen       total 35840K, used 8K [0x00000000cd000000, 0x00000000cf300000, 0x00000000ef000000)
  object space 35840K, 0% used [0x00000000cd000000,0x00000000cd002000,0x00000000cf300000)
 Metaspace       used 3448K, capacity 4560K, committed 4864K, reserved 1056768K
  class space    used 382K, capacity 388K, committed 512K, reserved 1048576K
Event: 0.681 GC heap after
Heap after GC invocations=3 (full 0):
 PSYoungGen      total 28672K, used 496K [0x00000000ef000000, 0x00000000f2800000, 0x0000000100000000)
  eden space 26624K, 0% used [0x00000000ef000000,0x00000000ef000000,0x00000000f0a00000)
  from space 2048K, 24% used [0x00000000f0a00000,0x00000000f0a7c010,0x00000000f0c00000)
  to   space 2048K, 0% used [0x00000000f2600000,0x00000000f2600000,0x00000000f2800000)
 ParOldGen       total 35840K, used 16K [0x00000000cd000000, 0x00000000cf300000, 0x00000000ef000000)
  object space 35840K, 0% used [0x00000000cd000000,0x00000000cd004000,0x00000000cf300000)
 Metaspace       used 3448K, capacity 4560K, committed 4864K, reserved 1056768K
  class space    used 382K, capacity 388K, committed 512K, reserved 1048576K
}
Event: 0.848 GC heap before
{Heap before GC invocations=4 (full 0):
 PSYoungGen      total 28672K, used 27120K [0x00000000ef000000, 0x00000000f2800000, 0x0000000100000000)
  eden space 26624K, 100% used [0x00000000ef000000,0x00000000f0a00000,0x00000000f0a00000)
  from space 2048K, 24% used [0x00000000f0a00000,0x00000000f0a7c010,0x00000000f0c00000)
  to   space 2048K, 0% used [0x00000000f2600000,0x00000000f2600000,0x00000000f2800000)
 ParOldGen       total 35840K, used 16K [0x00000000cd000000, 0x00000000cf300000, 0x00000000ef000000)
  object space 35840K, 0% used [0x00000000cd000000,0x00000000cd004000,0x00000000cf300000)
 Metaspace       used 3448K, capacity 4560K, committed 4864K, reserved 1056768K
  class space    used 382K, capacity 388K, committed 512K, reserved 1048576K
Event: 0.887 GC heap after
Heap after GC invocations=4 (full 0):
 PSYoungGen      total 55296K, used 480K [0x00000000ef000000, 0x00000000f2800000, 0x0000000100000000)
  eden space 53248K, 0% used [0x00000000ef000000,0x00000000ef000000,0x00000000f2400000)
  from space 2048K, 23% used [0x00000000f2600000,0x00000000f2678000,0x00000000f2800000)
  to   space 2048K, 0% used [0x00000000f2400000,0x00000000f2400000,0x00000000f2600000)
 ParOldGen       total 35840K, used 16K [0x00000000cd000000, 0x00000000cf300000, 0x00000000ef000000)
  object space 35840K, 0% used [0x00000000cd000000,0x00000000cd004000,0x00000000cf300000)
 Metaspace       used 3448K, capacity 4560K, committed 4864K, reserved 1056768K
  class space    used 382K, capacity 388K, committed 512K, reserved 1048576K
}
Event: 1.052 GC heap before
{Heap before GC invocations=5 (full 0):
 PSYoungGen      total 55296K, used 53728K [0x00000000ef000000, 0x00000000f2800000, 0x0000000100000000)
  eden space 53248K, 100% used [0x00000000ef000000,0x00000000f2400000,0x00000000f2400000)
  from space 2048K, 23% used [0x00000000f2600000,0x00000000f2678000,0x00000000f2800000)
  to   space 2048K, 0% used [0x00000000f2400000,0x00000000f2400000,0x00000000f2600000)
 ParOldGen       total 35840K, used 16K [0x00000000cd000000, 0x00000000cf300000, 0x00000000ef000000)
  object space 35840K, 0% used [0x00000000cd000000,0x00000000cd004000,0x00000000cf300000)
 Metaspace       used 3449K, capacity 4560K, committed 4864K, reserved 1056768K
  class space    used 382K, capacity 388K, committed 512K, reserved 1048576K
Event: 1.369 GC heap after
Heap after GC invocations=5 (full 0):
 PSYoungGen      total 55296K, used 480K [0x00000000ef000000, 0x00000000f2800000, 0x0000000100000000)
  eden space 53248K, 0% used [0x00000000ef000000,0x00000000ef000000,0x00000000f2400000)
  from space 2048K, 23% used [0x00000000f2400000,0x00000000f2478000,0x00000000f2600000)
  to   space 2048K, 0% used [0x00000000f2600000,0x00000000f2600000,0x00000000f2800000)
 ParOldGen       total 35840K, used 16K [0x00000000cd000000, 0x00000000cf300000, 0x00000000ef000000)
  object space 35840K, 0% used [0x00000000cd000000,0x00000000cd004000,0x00000000cf300000)
 Metaspace       used 3449K, capacity 4560K, committed 4864K, reserved 1056768K
  class space    used 382K, capacity 388K, committed 512K, reserved 1048576K
}
Event: 1.525 GC heap before
{Heap before GC invocations=6 (full 0):
 PSYoungGen      total 55296K, used 53728K [0x00000000ef000000, 0x00000000f2800000, 0x0000000100000000)
  eden space 53248K, 100% used [0x00000000ef000000,0x00000000f2400000,0x00000000f2400000)
  from space 2048K, 23% used [0x00000000f2400000,0x00000000f2478000,0x00000000f2600000)
  to   space 2048K, 0% used [0x00000000f2600000,0x00000000f2600000,0x00000000f2800000)
 ParOldGen       total 35840K, used 16K [0x00000000cd000000, 0x00000000cf300000, 0x00000000ef000000)
  object space 35840K, 0% used [0x00000000cd000000,0x00000000cd004000,0x00000000cf300000)
 Metaspace       used 3529K, capacity 4560K, committed 4864K, reserved 1056768K
  class space    used 384K, capacity 388K, committed 512K, reserved 1048576K
Event: 1.569 GC heap after
Heap after GC invocations=6 (full 0):
 PSYoungGen      total 55296K, used 544K [0x00000000ef000000, 0x00000000f2800000, 0x0000000100000000)
  eden space 53248K, 0% used [0x00000000ef000000,0x00000000ef000000,0x00000000f2400000)
  from space 2048K, 26% used [0x00000000f2600000,0x00000000f2688000,0x00000000f2800000)
  to   space 2048K, 0% used [0x00000000f2400000,0x00000000f2400000,0x00000000f2600000)
 ParOldGen       total 35840K, used 24K [0x00000000cd000000, 0x00000000cf300000, 0x00000000ef000000)
  object space 35840K, 0% used [0x00000000cd000000,0x00000000cd006000,0x00000000cf300000)
 Metaspace       used 3529K, capacity 4560K, committed 4864K, reserved 1056768K
  class space    used 384K, capacity 388K, committed 512K, reserved 1048576K
}
Event: 2.020 GC heap before
{Heap before GC invocations=7 (full 0):
 PSYoungGen      total 55296K, used 53792K [0x00000000ef000000, 0x00000000f2800000, 0x0000000100000000)
  eden space 53248K, 100% used [0x00000000ef000000,0x00000000f2400000,0x00000000f2400000)
  from space 2048K, 26% used [0x00000000f2600000,0x00000000f2688000,0x00000000f2800000)
  to   space 2048K, 0% used [0x00000000f2400000,0x00000000f2400000,0x00000000f2600000)
 ParOldGen       total 35840K, used 24K [0x00000000cd000000, 0x00000000cf300000, 0x00000000ef000000)
  object space 35840K, 0% used [0x00000000cd000000,0x00000000cd006000,0x00000000cf300000)
 Metaspace       used 3530K, capacity 4560K, committed 4864K, reserved 1056768K
  class space    used 384K, capacity 388K, committed 512K, reserved 1048576K

